{
  "RSpec": {
    "coverage": {
      "/Users/rl/repos/personal/robl/lib/m3ta/lib/m3ta.rb": {
        "lines": [
          null,
          null,
          1,
          null,
          1,
          1,
          null,
          1,
          1,
          1,
          1,
          null,
          1,
          1,
          2,
          4,
          null,
          null,
          null
        ]
      },
      "/Users/rl/repos/personal/robl/lib/m3ta/lib/m3ta/railtie.rb": {
        "lines": [
          null,
          null,
          1,
          1,
          1,
          1,
          1,
          null,
          null,
          null,
          1,
          1,
          1,
          null,
          null,
          null,
          null
        ]
      },
      "/Users/rl/repos/personal/robl/lib/m3ta/lib/m3ta/controller.rb": {
        "lines": [
          null,
          null,
          1,
          1,
          1,
          null,
          1,
          1,
          null,
          1,
          19,
          null,
          null,
          1,
          14,
          14,
          null,
          1,
          null,
          null,
          null
        ]
      },
      "/Users/rl/repos/personal/robl/lib/m3ta/lib/m3ta/builder.rb": {
        "lines": [
          null,
          null,
          1,
          null,
          1,
          1,
          null,
          1,
          1,
          1,
          1,
          1,
          1,
          1,
          1,
          1,
          null,
          null,
          1,
          1,
          null,
          1,
          34,
          34,
          34,
          null,
          null,
          null
        ]
      },
      "/Users/rl/repos/personal/robl/lib/m3ta/lib/m3ta/helpers.rb": {
        "lines": [
          null,
          null,
          1,
          1,
          1,
          null,
          0,
          null,
          null,
          null,
          null,
          null,
          null,
          null,
          null,
          null,
          null,
          null,
          null,
          null,
          null,
          null,
          null,
          1,
          null,
          0,
          null,
          null,
          null,
          null,
          null,
          null,
          1,
          0,
          0,
          null,
          null,
          1,
          0,
          null,
          null,
          0,
          null,
          null,
          null,
          null,
          null,
          1,
          0,
          null,
          0,
          null,
          null,
          1,
          0,
          null,
          null,
          0,
          null,
          null,
          null,
          null,
          1,
          0,
          null,
          null,
          0,
          null,
          null,
          null,
          null,
          null,
          null,
          null,
          1,
          null,
          0,
          null,
          null,
          null,
          null,
          null,
          1,
          0,
          null,
          0,
          null,
          null,
          null,
          1,
          0,
          null,
          null,
          1,
          0,
          null,
          null,
          1,
          1,
          null,
          null,
          null
        ]
      },
      "/Users/rl/repos/personal/robl/lib/m3ta/lib/m3ta/version.rb": {
        "lines": [
          null,
          null,
          0,
          0,
          0
        ],
        "branches": {
        }
      }
    },
    "timestamp": 1675953774
  }
}
